[09-Oct-2016 15:23:40 UTC] PHP Warning:  An unexpected error occurred. Something may be wrong with WordPress.org or this server&#8217;s configuration. If you continue to have problems, please try the <a href="https://wordpress.org/support/">support forums</a>. (WordPress could not establish a secure connection to WordPress.org. Please contact your server administrator.) in /var/www/workspace/project_wp2/wp-includes/update.php on line 479
[09-Oct-2016 15:23:51 UTC] PHP Warning:  An unexpected error occurred. Something may be wrong with WordPress.org or this server&#8217;s configuration. If you continue to have problems, please try the <a href="https://wordpress.org/support/">support forums</a>. (WordPress could not establish a secure connection to WordPress.org. Please contact your server administrator.) in /var/www/workspace/project_wp2/wp-includes/update.php on line 479
[09-Oct-2016 15:25:00 UTC] PHP Warning:  An unexpected error occurred. Something may be wrong with WordPress.org or this server&#8217;s configuration. If you continue to have problems, please try the <a href="https://wordpress.org/support/">support forums</a>. (WordPress could not establish a secure connection to WordPress.org. Please contact your server administrator.) in /var/www/workspace/project_wp2/wp-includes/update.php on line 306
[09-Oct-2016 15:25:10 UTC] PHP Warning:  An unexpected error occurred. Something may be wrong with WordPress.org or this server&#8217;s configuration. If you continue to have problems, please try the <a href="https://wordpress.org/support/">support forums</a>. (WordPress could not establish a secure connection to WordPress.org. Please contact your server administrator.) in /var/www/workspace/project_wp2/wp-includes/update.php on line 479
[09-Oct-2016 15:25:27 UTC] PHP Warning:  An unexpected error occurred. Something may be wrong with WordPress.org or this server&#8217;s configuration. If you continue to have problems, please try the <a href="https://wordpress.org/support/">support forums</a>. (WordPress could not establish a secure connection to WordPress.org. Please contact your server administrator.) in /var/www/workspace/project_wp2/wp-includes/update.php on line 123
[09-Oct-2016 15:25:33 UTC] PHP Warning:  An unexpected error occurred. Something may be wrong with WordPress.org or this server&#8217;s configuration. If you continue to have problems, please try the <a href="https://wordpress.org/support/">support forums</a>. (WordPress could not establish a secure connection to WordPress.org. Please contact your server administrator.) in /var/www/workspace/project_wp2/wp-includes/update.php on line 306
[09-Oct-2016 15:25:43 UTC] PHP Warning:  An unexpected error occurred. Something may be wrong with WordPress.org or this server&#8217;s configuration. If you continue to have problems, please try the <a href="https://wordpress.org/support/">support forums</a>. (WordPress could not establish a secure connection to WordPress.org. Please contact your server administrator.) in /var/www/workspace/project_wp2/wp-includes/update.php on line 479
[09-Oct-2016 15:29:59 UTC] PHP Warning:  An unexpected error occurred. Something may be wrong with WordPress.org or this server&#8217;s configuration. If you continue to have problems, please try the <a href="https://wordpress.org/support/">support forums</a>. (WordPress could not establish a secure connection to WordPress.org. Please contact your server administrator.) in /var/www/workspace/project_wp2/wp-includes/update.php on line 479
[09-Oct-2016 15:31:36 UTC] PHP Warning:  An unexpected error occurred. Something may be wrong with WordPress.org or this server&#8217;s configuration. If you continue to have problems, please try the <a href="https://wordpress.org/support/">support forums</a>. (WordPress could not establish a secure connection to WordPress.org. Please contact your server administrator.) in /var/www/workspace/project_wp2/wp-includes/update.php on line 123
[09-Oct-2016 15:31:46 UTC] PHP Warning:  An unexpected error occurred. Something may be wrong with WordPress.org or this server&#8217;s configuration. If you continue to have problems, please try the <a href="https://wordpress.org/support/">support forums</a>. (WordPress could not establish a secure connection to WordPress.org. Please contact your server administrator.) in /var/www/workspace/project_wp2/wp-includes/update.php on line 306
[09-Oct-2016 15:33:07 UTC] PHP Warning:  An unexpected error occurred. Something may be wrong with WordPress.org or this server&#8217;s configuration. If you continue to have problems, please try the <a href="https://wordpress.org/support/">support forums</a>. (WordPress could not establish a secure connection to WordPress.org. Please contact your server administrator.) in /var/www/workspace/project_wp2/wp-includes/update.php on line 306
[09-Oct-2016 15:36:08 UTC] PHP Warning:  An unexpected error occurred. Something may be wrong with WordPress.org or this server&#8217;s configuration. If you continue to have problems, please try the <a href="https://wordpress.org/support/">support forums</a>. (WordPress could not establish a secure connection to WordPress.org. Please contact your server administrator.) in /var/www/workspace/project_wp2/wp-includes/update.php on line 306
[09-Oct-2016 15:36:18 UTC] PHP Warning:  An unexpected error occurred. Something may be wrong with WordPress.org or this server&#8217;s configuration. If you continue to have problems, please try the <a href="https://wordpress.org/support/">support forums</a>. (WordPress could not establish a secure connection to WordPress.org. Please contact your server administrator.) in /var/www/workspace/project_wp2/wp-includes/update.php on line 479
[09-Oct-2016 15:36:28 UTC] PHP Warning:  An unexpected error occurred. Something may be wrong with WordPress.org or this server&#8217;s configuration. If you continue to have problems, please try the <a href="https://wordpress.org/support/">support forums</a>. (WordPress could not establish a secure connection to WordPress.org. Please contact your server administrator.) in /var/www/workspace/project_wp2/wp-includes/update.php on line 123
[09-Oct-2016 15:38:14 UTC] PHP Warning:  An unexpected error occurred. Something may be wrong with WordPress.org or this server&#8217;s configuration. If you continue to have problems, please try the <a href="https://wordpress.org/support/">support forums</a>. (WordPress could not establish a secure connection to WordPress.org. Please contact your server administrator.) in /var/www/workspace/project_wp2/wp-includes/update.php on line 123
[09-Oct-2016 15:38:25 UTC] PHP Warning:  An unexpected error occurred. Something may be wrong with WordPress.org or this server&#8217;s configuration. If you continue to have problems, please try the <a href="https://wordpress.org/support/">support forums</a>. (WordPress could not establish a secure connection to WordPress.org. Please contact your server administrator.) in /var/www/workspace/project_wp2/wp-includes/update.php on line 479
[09-Oct-2016 15:40:20 UTC] PHP Warning:  An unexpected error occurred. Something may be wrong with WordPress.org or this server&#8217;s configuration. If you continue to have problems, please try the <a href="https://wordpress.org/support/">support forums</a>. (WordPress could not establish a secure connection to WordPress.org. Please contact your server administrator.) in /var/www/workspace/project_wp2/wp-includes/update.php on line 306
[09-Oct-2016 15:40:31 UTC] PHP Warning:  An unexpected error occurred. Something may be wrong with WordPress.org or this server&#8217;s configuration. If you continue to have problems, please try the <a href="https://wordpress.org/support/">support forums</a>. (WordPress could not establish a secure connection to WordPress.org. Please contact your server administrator.) in /var/www/workspace/project_wp2/wp-includes/update.php on line 479
[09-Oct-2016 15:41:28 UTC] PHP Warning:  An unexpected error occurred. Something may be wrong with WordPress.org or this server&#8217;s configuration. If you continue to have problems, please try the <a href="https://wordpress.org/support/">support forums</a>. (WordPress could not establish a secure connection to WordPress.org. Please contact your server administrator.) in /var/www/workspace/project_wp2/wp-includes/update.php on line 306
[09-Oct-2016 16:37:33 UTC] PHP Warning:  An unexpected error occurred. Something may be wrong with WordPress.org or this server&#8217;s configuration. If you continue to have problems, please try the <a href="https://wordpress.org/support/">support forums</a>. (WordPress could not establish a secure connection to WordPress.org. Please contact your server administrator.) in /var/www/workspace/project_wp2/wp-includes/update.php on line 123
[09-Oct-2016 16:37:44 UTC] PHP Warning:  An unexpected error occurred. Something may be wrong with WordPress.org or this server&#8217;s configuration. If you continue to have problems, please try the <a href="https://wordpress.org/support/">support forums</a>. (WordPress could not establish a secure connection to WordPress.org. Please contact your server administrator.) in /var/www/workspace/project_wp2/wp-includes/update.php on line 306
[09-Oct-2016 16:37:55 UTC] PHP Warning:  An unexpected error occurred. Something may be wrong with WordPress.org or this server&#8217;s configuration. If you continue to have problems, please try the <a href="https://wordpress.org/support/">support forums</a>. (WordPress could not establish a secure connection to WordPress.org. Please contact your server administrator.) in /var/www/workspace/project_wp2/wp-includes/update.php on line 479
[09-Oct-2016 16:38:53 UTC] PHP Warning:  An unexpected error occurred. Something may be wrong with WordPress.org or this server&#8217;s configuration. If you continue to have problems, please try the <a href="https://wordpress.org/support/">support forums</a>. (WordPress could not establish a secure connection to WordPress.org. Please contact your server administrator.) in /var/www/workspace/project_wp2/wp-includes/update.php on line 306
[09-Oct-2016 16:39:58 UTC] PHP Warning:  An unexpected error occurred. Something may be wrong with WordPress.org or this server&#8217;s configuration. If you continue to have problems, please try the <a href="https://wordpress.org/support/">support forums</a>. (WordPress could not establish a secure connection to WordPress.org. Please contact your server administrator.) in /var/www/workspace/project_wp2/wp-includes/update.php on line 123
[09-Oct-2016 16:40:09 UTC] PHP Warning:  An unexpected error occurred. Something may be wrong with WordPress.org or this server&#8217;s configuration. If you continue to have problems, please try the <a href="https://wordpress.org/support/">support forums</a>. (WordPress could not establish a secure connection to WordPress.org. Please contact your server administrator.) in /var/www/workspace/project_wp2/wp-includes/update.php on line 306
[09-Oct-2016 16:40:20 UTC] PHP Warning:  An unexpected error occurred. Something may be wrong with WordPress.org or this server&#8217;s configuration. If you continue to have problems, please try the <a href="https://wordpress.org/support/">support forums</a>. (WordPress could not establish a secure connection to WordPress.org. Please contact your server administrator.) in /var/www/workspace/project_wp2/wp-includes/update.php on line 479
[09-Oct-2016 16:45:52 UTC] PHP Warning:  An unexpected error occurred. Something may be wrong with WordPress.org or this server&#8217;s configuration. If you continue to have problems, please try the <a href="https://wordpress.org/support/">support forums</a>. (WordPress could not establish a secure connection to WordPress.org. Please contact your server administrator.) in /var/www/workspace/project_wp2/wp-includes/update.php on line 123
[09-Oct-2016 16:46:03 UTC] PHP Warning:  An unexpected error occurred. Something may be wrong with WordPress.org or this server&#8217;s configuration. If you continue to have problems, please try the <a href="https://wordpress.org/support/">support forums</a>. (WordPress could not establish a secure connection to WordPress.org. Please contact your server administrator.) in /var/www/workspace/project_wp2/wp-includes/update.php on line 306
[09-Oct-2016 16:46:13 UTC] PHP Warning:  An unexpected error occurred. Something may be wrong with WordPress.org or this server&#8217;s configuration. If you continue to have problems, please try the <a href="https://wordpress.org/support/">support forums</a>. (WordPress could not establish a secure connection to WordPress.org. Please contact your server administrator.) in /var/www/workspace/project_wp2/wp-includes/update.php on line 479
[09-Oct-2016 16:46:37 UTC] PHP Warning:  An unexpected error occurred. Something may be wrong with WordPress.org or this server&#8217;s configuration. If you continue to have problems, please try the <a href="https://wordpress.org/support/">support forums</a>. (WordPress could not establish a secure connection to WordPress.org. Please contact your server administrator.) in /var/www/workspace/project_wp2/wp-includes/update.php on line 306
[09-Oct-2016 16:49:34 UTC] PHP Strict Standards:  Redefining already defined constructor for class WXR_Parser_Regex in /var/www/workspace/project_wp2/wp-content/plugins/sitesao-core/includes/lib/wordpress-importer/parsers.php on line 408
[09-Oct-2016 16:49:34 UTC] PHP Strict Standards:  Declaration of WP_Import::bump_request_timeout() should be compatible with WP_Importer::bump_request_timeout($val) in /var/www/workspace/project_wp2/wp-content/plugins/sitesao-core/includes/lib/wordpress-importer/wordpress-importer.php on line 28
[09-Oct-2016 16:49:34 UTC] PHP Notice:  wp_get_http is <strong>deprecated</strong> since version 4.4.0! Use WP_Http instead. in /var/www/workspace/project_wp2/wp-includes/functions.php on line 3707
[09-Oct-2016 16:49:40 UTC] PHP Notice:  wp_get_http is <strong>deprecated</strong> since version 4.4.0! Use WP_Http instead. in /var/www/workspace/project_wp2/wp-includes/functions.php on line 3707
[09-Oct-2016 16:49:46 UTC] PHP Notice:  wp_get_http is <strong>deprecated</strong> since version 4.4.0! Use WP_Http instead. in /var/www/workspace/project_wp2/wp-includes/functions.php on line 3707
[09-Oct-2016 16:49:51 UTC] PHP Notice:  wp_get_http is <strong>deprecated</strong> since version 4.4.0! Use WP_Http instead. in /var/www/workspace/project_wp2/wp-includes/functions.php on line 3707
[09-Oct-2016 16:49:57 UTC] PHP Notice:  wp_get_http is <strong>deprecated</strong> since version 4.4.0! Use WP_Http instead. in /var/www/workspace/project_wp2/wp-includes/functions.php on line 3707
[09-Oct-2016 16:50:03 UTC] PHP Notice:  wp_get_http is <strong>deprecated</strong> since version 4.4.0! Use WP_Http instead. in /var/www/workspace/project_wp2/wp-includes/functions.php on line 3707
[09-Oct-2016 16:50:09 UTC] PHP Notice:  wp_get_http is <strong>deprecated</strong> since version 4.4.0! Use WP_Http instead. in /var/www/workspace/project_wp2/wp-includes/functions.php on line 3707
[09-Oct-2016 16:50:15 UTC] PHP Notice:  wp_get_http is <strong>deprecated</strong> since version 4.4.0! Use WP_Http instead. in /var/www/workspace/project_wp2/wp-includes/functions.php on line 3707
[09-Oct-2016 16:50:21 UTC] PHP Notice:  wp_get_http is <strong>deprecated</strong> since version 4.4.0! Use WP_Http instead. in /var/www/workspace/project_wp2/wp-includes/functions.php on line 3707
[09-Oct-2016 16:50:27 UTC] PHP Notice:  wp_get_http is <strong>deprecated</strong> since version 4.4.0! Use WP_Http instead. in /var/www/workspace/project_wp2/wp-includes/functions.php on line 3707
[09-Oct-2016 16:50:33 UTC] PHP Notice:  wp_get_http is <strong>deprecated</strong> since version 4.4.0! Use WP_Http instead. in /var/www/workspace/project_wp2/wp-includes/functions.php on line 3707
[09-Oct-2016 16:50:39 UTC] PHP Notice:  wp_get_http is <strong>deprecated</strong> since version 4.4.0! Use WP_Http instead. in /var/www/workspace/project_wp2/wp-includes/functions.php on line 3707
[09-Oct-2016 16:50:44 UTC] PHP Notice:  wp_get_http is <strong>deprecated</strong> since version 4.4.0! Use WP_Http instead. in /var/www/workspace/project_wp2/wp-includes/functions.php on line 3707
[09-Oct-2016 16:50:50 UTC] PHP Notice:  wp_get_http is <strong>deprecated</strong> since version 4.4.0! Use WP_Http instead. in /var/www/workspace/project_wp2/wp-includes/functions.php on line 3707
[09-Oct-2016 16:50:56 UTC] PHP Notice:  wp_get_http is <strong>deprecated</strong> since version 4.4.0! Use WP_Http instead. in /var/www/workspace/project_wp2/wp-includes/functions.php on line 3707
[09-Oct-2016 16:51:02 UTC] PHP Notice:  wp_get_http is <strong>deprecated</strong> since version 4.4.0! Use WP_Http instead. in /var/www/workspace/project_wp2/wp-includes/functions.php on line 3707
[09-Oct-2016 16:51:08 UTC] PHP Notice:  wp_get_http is <strong>deprecated</strong> since version 4.4.0! Use WP_Http instead. in /var/www/workspace/project_wp2/wp-includes/functions.php on line 3707
[09-Oct-2016 16:51:14 UTC] PHP Notice:  wp_get_http is <strong>deprecated</strong> since version 4.4.0! Use WP_Http instead. in /var/www/workspace/project_wp2/wp-includes/functions.php on line 3707
[09-Oct-2016 16:51:21 UTC] PHP Notice:  wp_get_http is <strong>deprecated</strong> since version 4.4.0! Use WP_Http instead. in /var/www/workspace/project_wp2/wp-includes/functions.php on line 3707
[09-Oct-2016 16:51:26 UTC] PHP Notice:  wp_get_http is <strong>deprecated</strong> since version 4.4.0! Use WP_Http instead. in /var/www/workspace/project_wp2/wp-includes/functions.php on line 3707
[09-Oct-2016 16:51:32 UTC] PHP Notice:  wp_get_http is <strong>deprecated</strong> since version 4.4.0! Use WP_Http instead. in /var/www/workspace/project_wp2/wp-includes/functions.php on line 3707
[09-Oct-2016 16:51:38 UTC] PHP Notice:  wp_get_http is <strong>deprecated</strong> since version 4.4.0! Use WP_Http instead. in /var/www/workspace/project_wp2/wp-includes/functions.php on line 3707
[09-Oct-2016 16:51:44 UTC] PHP Notice:  wp_get_http is <strong>deprecated</strong> since version 4.4.0! Use WP_Http instead. in /var/www/workspace/project_wp2/wp-includes/functions.php on line 3707
[09-Oct-2016 16:51:49 UTC] PHP Notice:  wp_get_http is <strong>deprecated</strong> since version 4.4.0! Use WP_Http instead. in /var/www/workspace/project_wp2/wp-includes/functions.php on line 3707
[09-Oct-2016 16:51:55 UTC] PHP Notice:  wp_get_http is <strong>deprecated</strong> since version 4.4.0! Use WP_Http instead. in /var/www/workspace/project_wp2/wp-includes/functions.php on line 3707
[09-Oct-2016 16:52:01 UTC] PHP Notice:  wp_get_http is <strong>deprecated</strong> since version 4.4.0! Use WP_Http instead. in /var/www/workspace/project_wp2/wp-includes/functions.php on line 3707
[09-Oct-2016 16:52:07 UTC] PHP Notice:  wp_get_http is <strong>deprecated</strong> since version 4.4.0! Use WP_Http instead. in /var/www/workspace/project_wp2/wp-includes/functions.php on line 3707
[09-Oct-2016 16:52:14 UTC] PHP Notice:  wp_get_http is <strong>deprecated</strong> since version 4.4.0! Use WP_Http instead. in /var/www/workspace/project_wp2/wp-includes/functions.php on line 3707
[09-Oct-2016 16:52:20 UTC] PHP Notice:  wp_get_http is <strong>deprecated</strong> since version 4.4.0! Use WP_Http instead. in /var/www/workspace/project_wp2/wp-includes/functions.php on line 3707
[09-Oct-2016 16:52:26 UTC] PHP Notice:  wp_get_http is <strong>deprecated</strong> since version 4.4.0! Use WP_Http instead. in /var/www/workspace/project_wp2/wp-includes/functions.php on line 3707
[09-Oct-2016 16:52:32 UTC] PHP Notice:  wp_get_http is <strong>deprecated</strong> since version 4.4.0! Use WP_Http instead. in /var/www/workspace/project_wp2/wp-includes/functions.php on line 3707
[09-Oct-2016 16:52:39 UTC] PHP Notice:  wp_get_http is <strong>deprecated</strong> since version 4.4.0! Use WP_Http instead. in /var/www/workspace/project_wp2/wp-includes/functions.php on line 3707
[09-Oct-2016 16:52:44 UTC] PHP Notice:  wp_get_http is <strong>deprecated</strong> since version 4.4.0! Use WP_Http instead. in /var/www/workspace/project_wp2/wp-includes/functions.php on line 3707
[09-Oct-2016 16:52:51 UTC] PHP Notice:  wp_get_http is <strong>deprecated</strong> since version 4.4.0! Use WP_Http instead. in /var/www/workspace/project_wp2/wp-includes/functions.php on line 3707
[09-Oct-2016 16:52:58 UTC] PHP Notice:  wp_get_http is <strong>deprecated</strong> since version 4.4.0! Use WP_Http instead. in /var/www/workspace/project_wp2/wp-includes/functions.php on line 3707
[09-Oct-2016 16:53:04 UTC] PHP Notice:  wp_get_http is <strong>deprecated</strong> since version 4.4.0! Use WP_Http instead. in /var/www/workspace/project_wp2/wp-includes/functions.php on line 3707
[09-Oct-2016 16:53:11 UTC] PHP Notice:  wp_get_http is <strong>deprecated</strong> since version 4.4.0! Use WP_Http instead. in /var/www/workspace/project_wp2/wp-includes/functions.php on line 3707
[09-Oct-2016 16:53:17 UTC] PHP Notice:  wp_get_http is <strong>deprecated</strong> since version 4.4.0! Use WP_Http instead. in /var/www/workspace/project_wp2/wp-includes/functions.php on line 3707
[09-Oct-2016 16:53:23 UTC] PHP Notice:  wp_get_http is <strong>deprecated</strong> since version 4.4.0! Use WP_Http instead. in /var/www/workspace/project_wp2/wp-includes/functions.php on line 3707
[09-Oct-2016 16:53:28 UTC] PHP Notice:  wp_get_http is <strong>deprecated</strong> since version 4.4.0! Use WP_Http instead. in /var/www/workspace/project_wp2/wp-includes/functions.php on line 3707
[09-Oct-2016 16:53:36 UTC] PHP Notice:  wp_get_http is <strong>deprecated</strong> since version 4.4.0! Use WP_Http instead. in /var/www/workspace/project_wp2/wp-includes/functions.php on line 3707
[09-Oct-2016 16:53:41 UTC] PHP Notice:  wp_get_http is <strong>deprecated</strong> since version 4.4.0! Use WP_Http instead. in /var/www/workspace/project_wp2/wp-includes/functions.php on line 3707
[09-Oct-2016 16:53:47 UTC] PHP Notice:  wp_get_http is <strong>deprecated</strong> since version 4.4.0! Use WP_Http instead. in /var/www/workspace/project_wp2/wp-includes/functions.php on line 3707
[09-Oct-2016 16:56:05 UTC] PHP Warning:  An unexpected error occurred. Something may be wrong with WordPress.org or this server&#8217;s configuration. If you continue to have problems, please try the <a href="https://wordpress.org/support/">support forums</a>. (WordPress could not establish a secure connection to WordPress.org. Please contact your server administrator.) in /var/www/workspace/project_wp2/wp-includes/update.php on line 306
[09-Oct-2016 16:56:28 UTC] PHP Warning:  An unexpected error occurred. Something may be wrong with WordPress.org or this server&#8217;s configuration. If you continue to have problems, please try the <a href="https://wordpress.org/support/">support forums</a>. (WordPress could not establish a secure connection to WordPress.org. Please contact your server administrator.) in /var/www/workspace/project_wp2/wp-includes/update.php on line 306
[09-Oct-2016 16:57:30 UTC] PHP Warning:  An unexpected error occurred. Something may be wrong with WordPress.org or this server&#8217;s configuration. If you continue to have problems, please try the <a href="https://wordpress.org/support/">support forums</a>. (WordPress could not establish a secure connection to WordPress.org. Please contact your server administrator.) in /var/www/workspace/project_wp2/wp-includes/update.php on line 123
[09-Oct-2016 16:57:39 UTC] WordPress database error Duplicate key name 'location_type_code' for query ALTER TABLE loja_woocommerce_tax_rate_locations ADD KEY `location_type_code` (`location_type`(40),`location_code`(90)) made by require_once('wp-load.php'), require_once('wp-config.php'), require_once('wp-settings.php'), do_action('init'), call_user_func_array, WC_Install::check_version, WC_Install::install, WC_Install::create_tables, dbDelta
[09-Oct-2016 16:57:39 UTC] WordPress database error Duplicate key name 'location_type_code' for query ALTER TABLE loja_woocommerce_shipping_zone_locations ADD KEY `location_type_code` (`location_type`(40),`location_code`(90)) made by require_once('wp-load.php'), require_once('wp-config.php'), require_once('wp-settings.php'), do_action('init'), call_user_func_array, WC_Install::check_version, WC_Install::install, WC_Install::create_tables, dbDelta
[09-Oct-2016 16:57:41 UTC] PHP Warning:  An unexpected error occurred. Something may be wrong with WordPress.org or this server&#8217;s configuration. If you continue to have problems, please try the <a href="https://wordpress.org/support/">support forums</a>. (WordPress could not establish a secure connection to WordPress.org. Please contact your server administrator.) in /var/www/workspace/project_wp2/wp-includes/update.php on line 306
[09-Oct-2016 16:57:48 UTC] PHP Warning:  An unexpected error occurred. Something may be wrong with WordPress.org or this server&#8217;s configuration. If you continue to have problems, please try the <a href="https://wordpress.org/support/">support forums</a>. (WordPress could not establish a secure connection to WordPress.org. Please contact your server administrator.) in /var/www/workspace/project_wp2/wp-includes/update.php on line 479
[09-Oct-2016 16:58:45 UTC] PHP Warning:  An unexpected error occurred. Something may be wrong with WordPress.org or this server&#8217;s configuration. If you continue to have problems, please try the <a href="https://wordpress.org/support/">support forums</a>. (WordPress could not establish a secure connection to WordPress.org. Please contact your server administrator.) in /var/www/workspace/project_wp2/wp-includes/update.php on line 306
[09-Oct-2016 16:58:56 UTC] PHP Warning:  An unexpected error occurred. Something may be wrong with WordPress.org or this server&#8217;s configuration. If you continue to have problems, please try the <a href="https://wordpress.org/support/">support forums</a>. (WordPress could not establish a secure connection to WordPress.org. Please contact your server administrator.) in /var/www/workspace/project_wp2/wp-includes/update.php on line 479
[09-Oct-2016 16:59:06 UTC] PHP Warning:  An unexpected error occurred. Something may be wrong with WordPress.org or this server&#8217;s configuration. If you continue to have problems, please try the <a href="https://wordpress.org/support/">support forums</a>. (WordPress could not establish a secure connection to WordPress.org. Please contact your server administrator.) in /var/www/workspace/project_wp2/wp-includes/update.php on line 123
[09-Oct-2016 17:00:25 UTC] PHP Warning:  An unexpected error occurred. Something may be wrong with WordPress.org or this server&#8217;s configuration. If you continue to have problems, please try the <a href="https://wordpress.org/support/">support forums</a>. (WordPress could not establish a secure connection to WordPress.org. Please contact your server administrator.) in /var/www/workspace/project_wp2/wp-includes/update.php on line 306
[09-Oct-2016 17:00:36 UTC] PHP Warning:  An unexpected error occurred. Something may be wrong with WordPress.org or this server&#8217;s configuration. If you continue to have problems, please try the <a href="https://wordpress.org/support/">support forums</a>. (WordPress could not establish a secure connection to WordPress.org. Please contact your server administrator.) in /var/www/workspace/project_wp2/wp-includes/update.php on line 479
[09-Oct-2016 17:00:47 UTC] PHP Warning:  An unexpected error occurred. Something may be wrong with WordPress.org or this server&#8217;s configuration. If you continue to have problems, please try the <a href="https://wordpress.org/support/">support forums</a>. (WordPress could not establish a secure connection to WordPress.org. Please contact your server administrator.) in /var/www/workspace/project_wp2/wp-admin/includes/update.php on line 115
[09-Oct-2016 17:01:18 UTC] PHP Warning:  An unexpected error occurred. Something may be wrong with WordPress.org or this server&#8217;s configuration. If you continue to have problems, please try the <a href="https://wordpress.org/support/">support forums</a>. (WordPress could not establish a secure connection to WordPress.org. Please contact your server administrator.) in /var/www/workspace/project_wp2/wp-admin/includes/update.php on line 115
[09-Oct-2016 17:01:52 UTC] PHP Warning:  An unexpected error occurred. Something may be wrong with WordPress.org or this server&#8217;s configuration. If you continue to have problems, please try the <a href="https://wordpress.org/support/">support forums</a>. (WordPress could not establish a secure connection to WordPress.org. Please contact your server administrator.) in /var/www/workspace/project_wp2/wp-includes/update.php on line 123
[09-Oct-2016 17:02:03 UTC] PHP Warning:  An unexpected error occurred. Something may be wrong with WordPress.org or this server&#8217;s configuration. If you continue to have problems, please try the <a href="https://wordpress.org/support/">support forums</a>. (WordPress could not establish a secure connection to WordPress.org. Please contact your server administrator.) in /var/www/workspace/project_wp2/wp-includes/update.php on line 306
[09-Oct-2016 17:02:14 UTC] PHP Warning:  An unexpected error occurred. Something may be wrong with WordPress.org or this server&#8217;s configuration. If you continue to have problems, please try the <a href="https://wordpress.org/support/">support forums</a>. (WordPress could not establish a secure connection to WordPress.org. Please contact your server administrator.) in /var/www/workspace/project_wp2/wp-includes/update.php on line 479
[09-Oct-2016 17:02:24 UTC] PHP Warning:  An unexpected error occurred. Something may be wrong with WordPress.org or this server&#8217;s configuration. If you continue to have problems, please try the <a href="https://wordpress.org/support/">support forums</a>. (WordPress could not establish a secure connection to WordPress.org. Please contact your server administrator.) in /var/www/workspace/project_wp2/wp-includes/update.php on line 123
[09-Oct-2016 17:10:53 UTC] PHP Notice:  Undefined property: WC_Query::$filtered_product_ids in /var/www/workspace/project_wp2/wp-content/plugins/sitesao-core/dhwc-brand/includes/dhwc-widget-layered-nav.php on line 129
[09-Oct-2016 17:10:53 UTC] PHP Warning:  array_intersect(): Argument #2 is not an array in /var/www/workspace/project_wp2/wp-content/plugins/sitesao-core/dhwc-brand/includes/dhwc-widget-layered-nav.php on line 129
[09-Oct-2016 17:10:53 UTC] PHP Notice:  Undefined property: WC_Query::$filtered_product_ids in /var/www/workspace/project_wp2/wp-content/plugins/sitesao-core/dhwc-brand/includes/dhwc-widget-layered-nav.php on line 129
[09-Oct-2016 17:10:53 UTC] PHP Warning:  array_intersect(): Argument #2 is not an array in /var/www/workspace/project_wp2/wp-content/plugins/sitesao-core/dhwc-brand/includes/dhwc-widget-layered-nav.php on line 129
[09-Oct-2016 17:10:53 UTC] PHP Notice:  Undefined property: WC_Query::$filtered_product_ids in /var/www/workspace/project_wp2/wp-content/plugins/sitesao-core/dhwc-brand/includes/dhwc-widget-layered-nav.php on line 129
[09-Oct-2016 17:10:53 UTC] PHP Warning:  array_intersect(): Argument #2 is not an array in /var/www/workspace/project_wp2/wp-content/plugins/sitesao-core/dhwc-brand/includes/dhwc-widget-layered-nav.php on line 129
[09-Oct-2016 17:10:53 UTC] PHP Notice:  Undefined property: WC_Query::$filtered_product_ids in /var/www/workspace/project_wp2/wp-content/plugins/sitesao-core/dhwc-brand/includes/dhwc-widget-layered-nav.php on line 129
[09-Oct-2016 17:10:53 UTC] PHP Warning:  array_intersect(): Argument #2 is not an array in /var/www/workspace/project_wp2/wp-content/plugins/sitesao-core/dhwc-brand/includes/dhwc-widget-layered-nav.php on line 129
[09-Oct-2016 17:10:53 UTC] PHP Notice:  Undefined property: WC_Query::$filtered_product_ids in /var/www/workspace/project_wp2/wp-content/plugins/sitesao-core/dhwc-brand/includes/dhwc-widget-layered-nav.php on line 129
[09-Oct-2016 17:10:53 UTC] PHP Warning:  array_intersect(): Argument #2 is not an array in /var/www/workspace/project_wp2/wp-content/plugins/sitesao-core/dhwc-brand/includes/dhwc-widget-layered-nav.php on line 129
[09-Oct-2016 17:11:01 UTC] PHP Notice:  Undefined property: WC_Query::$filtered_product_ids in /var/www/workspace/project_wp2/wp-content/plugins/sitesao-core/dhwc-brand/includes/dhwc-widget-layered-nav.php on line 129
[09-Oct-2016 17:11:01 UTC] PHP Warning:  array_intersect(): Argument #2 is not an array in /var/www/workspace/project_wp2/wp-content/plugins/sitesao-core/dhwc-brand/includes/dhwc-widget-layered-nav.php on line 129
[09-Oct-2016 17:11:01 UTC] PHP Notice:  Undefined property: WC_Query::$filtered_product_ids in /var/www/workspace/project_wp2/wp-content/plugins/sitesao-core/dhwc-brand/includes/dhwc-widget-layered-nav.php on line 129
[09-Oct-2016 17:11:01 UTC] PHP Warning:  array_intersect(): Argument #2 is not an array in /var/www/workspace/project_wp2/wp-content/plugins/sitesao-core/dhwc-brand/includes/dhwc-widget-layered-nav.php on line 129
[09-Oct-2016 17:11:01 UTC] PHP Notice:  Undefined property: WC_Query::$filtered_product_ids in /var/www/workspace/project_wp2/wp-content/plugins/sitesao-core/dhwc-brand/includes/dhwc-widget-layered-nav.php on line 129
[09-Oct-2016 17:11:01 UTC] PHP Warning:  array_intersect(): Argument #2 is not an array in /var/www/workspace/project_wp2/wp-content/plugins/sitesao-core/dhwc-brand/includes/dhwc-widget-layered-nav.php on line 129
[09-Oct-2016 17:11:01 UTC] PHP Notice:  Undefined property: WC_Query::$filtered_product_ids in /var/www/workspace/project_wp2/wp-content/plugins/sitesao-core/dhwc-brand/includes/dhwc-widget-layered-nav.php on line 129
[09-Oct-2016 17:11:01 UTC] PHP Warning:  array_intersect(): Argument #2 is not an array in /var/www/workspace/project_wp2/wp-content/plugins/sitesao-core/dhwc-brand/includes/dhwc-widget-layered-nav.php on line 129
[09-Oct-2016 17:11:01 UTC] PHP Notice:  Undefined property: WC_Query::$filtered_product_ids in /var/www/workspace/project_wp2/wp-content/plugins/sitesao-core/dhwc-brand/includes/dhwc-widget-layered-nav.php on line 129
[09-Oct-2016 17:11:01 UTC] PHP Warning:  array_intersect(): Argument #2 is not an array in /var/www/workspace/project_wp2/wp-content/plugins/sitesao-core/dhwc-brand/includes/dhwc-widget-layered-nav.php on line 129
[09-Oct-2016 17:13:54 UTC] PHP Notice:  Undefined property: WC_Query::$filtered_product_ids in /var/www/workspace/project_wp2/wp-content/plugins/sitesao-core/dhwc-brand/includes/dhwc-widget-layered-nav.php on line 129
[09-Oct-2016 17:13:54 UTC] PHP Warning:  array_intersect(): Argument #2 is not an array in /var/www/workspace/project_wp2/wp-content/plugins/sitesao-core/dhwc-brand/includes/dhwc-widget-layered-nav.php on line 129
[09-Oct-2016 17:13:54 UTC] PHP Notice:  Undefined property: WC_Query::$filtered_product_ids in /var/www/workspace/project_wp2/wp-content/plugins/sitesao-core/dhwc-brand/includes/dhwc-widget-layered-nav.php on line 129
[09-Oct-2016 17:13:54 UTC] PHP Warning:  array_intersect(): Argument #2 is not an array in /var/www/workspace/project_wp2/wp-content/plugins/sitesao-core/dhwc-brand/includes/dhwc-widget-layered-nav.php on line 129
[09-Oct-2016 17:13:54 UTC] PHP Notice:  Undefined property: WC_Query::$filtered_product_ids in /var/www/workspace/project_wp2/wp-content/plugins/sitesao-core/dhwc-brand/includes/dhwc-widget-layered-nav.php on line 129
[09-Oct-2016 17:13:54 UTC] PHP Warning:  array_intersect(): Argument #2 is not an array in /var/www/workspace/project_wp2/wp-content/plugins/sitesao-core/dhwc-brand/includes/dhwc-widget-layered-nav.php on line 129
[09-Oct-2016 17:13:54 UTC] PHP Notice:  Undefined property: WC_Query::$filtered_product_ids in /var/www/workspace/project_wp2/wp-content/plugins/sitesao-core/dhwc-brand/includes/dhwc-widget-layered-nav.php on line 129
[09-Oct-2016 17:13:54 UTC] PHP Warning:  array_intersect(): Argument #2 is not an array in /var/www/workspace/project_wp2/wp-content/plugins/sitesao-core/dhwc-brand/includes/dhwc-widget-layered-nav.php on line 129
[09-Oct-2016 17:13:54 UTC] PHP Notice:  Undefined property: WC_Query::$filtered_product_ids in /var/www/workspace/project_wp2/wp-content/plugins/sitesao-core/dhwc-brand/includes/dhwc-widget-layered-nav.php on line 129
[09-Oct-2016 17:13:54 UTC] PHP Warning:  array_intersect(): Argument #2 is not an array in /var/www/workspace/project_wp2/wp-content/plugins/sitesao-core/dhwc-brand/includes/dhwc-widget-layered-nav.php on line 129
[09-Oct-2016 17:13:59 UTC] PHP Notice:  Undefined property: WC_Query::$filtered_product_ids in /var/www/workspace/project_wp2/wp-content/plugins/sitesao-core/dhwc-brand/includes/dhwc-widget-layered-nav.php on line 129
[09-Oct-2016 17:13:59 UTC] PHP Warning:  array_intersect(): Argument #2 is not an array in /var/www/workspace/project_wp2/wp-content/plugins/sitesao-core/dhwc-brand/includes/dhwc-widget-layered-nav.php on line 129
[09-Oct-2016 17:13:59 UTC] PHP Notice:  Undefined property: WC_Query::$filtered_product_ids in /var/www/workspace/project_wp2/wp-content/plugins/sitesao-core/dhwc-brand/includes/dhwc-widget-layered-nav.php on line 129
[09-Oct-2016 17:13:59 UTC] PHP Warning:  array_intersect(): Argument #2 is not an array in /var/www/workspace/project_wp2/wp-content/plugins/sitesao-core/dhwc-brand/includes/dhwc-widget-layered-nav.php on line 129
[09-Oct-2016 17:13:59 UTC] PHP Notice:  Undefined property: WC_Query::$filtered_product_ids in /var/www/workspace/project_wp2/wp-content/plugins/sitesao-core/dhwc-brand/includes/dhwc-widget-layered-nav.php on line 129
[09-Oct-2016 17:13:59 UTC] PHP Warning:  array_intersect(): Argument #2 is not an array in /var/www/workspace/project_wp2/wp-content/plugins/sitesao-core/dhwc-brand/includes/dhwc-widget-layered-nav.php on line 129
[09-Oct-2016 17:13:59 UTC] PHP Notice:  Undefined property: WC_Query::$filtered_product_ids in /var/www/workspace/project_wp2/wp-content/plugins/sitesao-core/dhwc-brand/includes/dhwc-widget-layered-nav.php on line 129
[09-Oct-2016 17:13:59 UTC] PHP Warning:  array_intersect(): Argument #2 is not an array in /var/www/workspace/project_wp2/wp-content/plugins/sitesao-core/dhwc-brand/includes/dhwc-widget-layered-nav.php on line 129
[09-Oct-2016 17:13:59 UTC] PHP Notice:  Undefined property: WC_Query::$filtered_product_ids in /var/www/workspace/project_wp2/wp-content/plugins/sitesao-core/dhwc-brand/includes/dhwc-widget-layered-nav.php on line 129
[09-Oct-2016 17:13:59 UTC] PHP Warning:  array_intersect(): Argument #2 is not an array in /var/www/workspace/project_wp2/wp-content/plugins/sitesao-core/dhwc-brand/includes/dhwc-widget-layered-nav.php on line 129
[10-Oct-2016 14:37:09 UTC] PHP Warning:  An unexpected error occurred. Something may be wrong with WordPress.org or this server&#8217;s configuration. If you continue to have problems, please try the <a href="https://wordpress.org/support/">support forums</a>. (WordPress could not establish a secure connection to WordPress.org. Please contact your server administrator.) in /var/www/workspace/project_wp2/wp-includes/update.php on line 479
